  MYRD.cpp
C:\Users\yangqixuan\Documents\GitProjects\NE_DRAW\MYRD\Common.h(246,25): warning C4244: 'return': conversion from 'double' to 'float', possible loss of data
C:\Users\yangqixuan\Documents\GitProjects\NE_DRAW\MYRD\Common.h(262,19): warning C4244: 'argument': conversion from 'int' to 'float', possible loss of data
C:\Users\yangqixuan\Documents\GitProjects\NE_DRAW\MYRD\Common.h(262,18): warning C4244: '=': conversion from 'float' to 'int', possible loss of data
C:\Users\yangqixuan\Documents\GitProjects\NE_DRAW\MYRD\Common.h(263,19): warning C4244: 'argument': conversion from 'int' to 'float', possible loss of data
C:\Users\yangqixuan\Documents\GitProjects\NE_DRAW\MYRD\Common.h(263,18): warning C4244: '=': conversion from 'float' to 'int', possible loss of data
C:\Users\yangqixuan\Documents\GitProjects\NE_DRAW\MYRD\Common.h(264,19): warning C4244: 'argument': conversion from 'int' to 'float', possible loss of data
C:\Users\yangqixuan\Documents\GitProjects\NE_DRAW\MYRD\Common.h(264,18): warning C4244: '=': conversion from 'float' to 'int', possible loss of data
C:\Users\yangqixuan\Documents\GitProjects\NE_DRAW\MYRD\Common.h(414,22): warning C4244: 'initializing': conversion from 'double' to 'float', possible loss of data
C:\Users\yangqixuan\Documents\GitProjects\NE_DRAW\MYRD\Common.h(422,42): warning C4244: 'argument': conversion from 'double' to 'const float', possible loss of data
C:\Users\yangqixuan\Documents\GitProjects\NE_DRAW\MYRD\Common.h(422,67): warning C4244: 'argument': conversion from 'double' to 'const float', possible loss of data
C:\Users\yangqixuan\Documents\GitProjects\NE_DRAW\MYRD\Common.h(471,30): warning C4244: 'initializing': conversion from 'double' to 'float', possible loss of data
C:\Users\yangqixuan\Documents\GitProjects\NE_DRAW\MYRD\Common.h(471,23): warning C4244: 'initializing': conversion from 'double' to 'const float', possible loss of data
C:\Users\yangqixuan\Documents\GitProjects\NE_DRAW\MYRD\Shader.h(52,18): warning C4244: 'initializing': conversion from 'double' to 'float', possible loss of data
C:\Users\yangqixuan\Documents\GitProjects\NE_DRAW\MYRD\Shader.h(60,45): warning C4244: 'argument': conversion from 'double' to 'const float', possible loss of data
C:\Users\yangqixuan\Documents\GitProjects\NE_DRAW\MYRD\Screen.h(37,9): warning C4838: conversion from 'int' to 'DWORD' requires a narrowing conversion
  Renderer.cpp
C:\Users\yangqixuan\Documents\GitProjects\NE_DRAW\MYRD\Common.h(246,25): warning C4244: 'return': conversion from 'double' to 'float', possible loss of data
C:\Users\yangqixuan\Documents\GitProjects\NE_DRAW\MYRD\Common.h(262,19): warning C4244: 'argument': conversion from 'int' to 'float', possible loss of data
C:\Users\yangqixuan\Documents\GitProjects\NE_DRAW\MYRD\Common.h(262,18): warning C4244: '=': conversion from 'float' to 'int', possible loss of data
C:\Users\yangqixuan\Documents\GitProjects\NE_DRAW\MYRD\Common.h(263,19): warning C4244: 'argument': conversion from 'int' to 'float', possible loss of data
C:\Users\yangqixuan\Documents\GitProjects\NE_DRAW\MYRD\Common.h(263,18): warning C4244: '=': conversion from 'float' to 'int', possible loss of data
C:\Users\yangqixuan\Documents\GitProjects\NE_DRAW\MYRD\Common.h(264,19): warning C4244: 'argument': conversion from 'int' to 'float', possible loss of data
C:\Users\yangqixuan\Documents\GitProjects\NE_DRAW\MYRD\Common.h(264,18): warning C4244: '=': conversion from 'float' to 'int', possible loss of data
C:\Users\yangqixuan\Documents\GitProjects\NE_DRAW\MYRD\Common.h(414,22): warning C4244: 'initializing': conversion from 'double' to 'float', possible loss of data
C:\Users\yangqixuan\Documents\GitProjects\NE_DRAW\MYRD\Common.h(422,42): warning C4244: 'argument': conversion from 'double' to 'const float', possible loss of data
C:\Users\yangqixuan\Documents\GitProjects\NE_DRAW\MYRD\Common.h(422,67): warning C4244: 'argument': conversion from 'double' to 'const float', possible loss of data
C:\Users\yangqixuan\Documents\GitProjects\NE_DRAW\MYRD\Common.h(471,30): warning C4244: 'initializing': conversion from 'double' to 'float', possible loss of data
C:\Users\yangqixuan\Documents\GitProjects\NE_DRAW\MYRD\Common.h(471,23): warning C4244: 'initializing': conversion from 'double' to 'const float', possible loss of data
C:\Users\yangqixuan\Documents\GitProjects\NE_DRAW\MYRD\Shader.h(52,18): warning C4244: 'initializing': conversion from 'double' to 'float', possible loss of data
C:\Users\yangqixuan\Documents\GitProjects\NE_DRAW\MYRD\Shader.h(60,45): warning C4244: 'argument': conversion from 'double' to 'const float', possible loss of data
C:\Users\yangqixuan\Documents\GitProjects\NE_DRAW\MYRD\Renderer.cpp(133,36): warning C4244: '=': conversion from 'double' to 'float', possible loss of data
C:\Users\yangqixuan\Documents\GitProjects\NE_DRAW\MYRD\Renderer.cpp(134,37): warning C4244: '=': conversion from 'double' to 'float', possible loss of data
C:\Users\yangqixuan\Documents\GitProjects\NE_DRAW\MYRD\Renderer.cpp(182,36): warning C4244: '=': conversion from 'double' to 'float', possible loss of data
C:\Users\yangqixuan\Documents\GitProjects\NE_DRAW\MYRD\Renderer.cpp(183,37): warning C4244: '=': conversion from 'double' to 'float', possible loss of data
C:\Users\yangqixuan\Documents\GitProjects\NE_DRAW\MYRD\Renderer.cpp(214,59): warning C4244: 'argument': conversion from 'double' to 'float', possible loss of data
C:\Users\yangqixuan\Documents\GitProjects\NE_DRAW\MYRD\Renderer.cpp(214,43): warning C4244: 'argument': conversion from 'double' to 'float', possible loss of data
C:\Users\yangqixuan\Documents\GitProjects\NE_DRAW\MYRD\Renderer.cpp(216,72): warning C4244: 'argument': conversion from 'double' to 'float', possible loss of data
C:\Users\yangqixuan\Documents\GitProjects\NE_DRAW\MYRD\Renderer.cpp(216,56): warning C4244: 'argument': conversion from 'double' to 'float', possible loss of data
  Generating code
  3 of 570 functions ( 0.5%) were compiled, the rest were copied from previous compilation.
    0 functions were new in current compilation
    8 functions had inline decision re-evaluated but remain unchanged
  Finished generating code
  MYRD.vcxproj -> C:\Users\yangqixuan\Documents\GitProjects\NE_DRAW\x64\Release\MYRD.exe
